[1102/173344.465:ERROR:process_reader_win.cc(151)] SuspendThread: Access is denied. (0x5)
[1102/173344.469:ERROR:process_reader_win.cc(151)] SuspendThread: Access is denied. (0x5)
[1102/173344.469:ERROR:process_reader_win.cc(151)] SuspendThread: Access is denied. (0x5)
[1102/173344.469:ERROR:process_reader_win.cc(151)] SuspendThread: Access is denied. (0x5)
[1102/173344.469:ERROR:process_reader_win.cc(151)] SuspendThread: Access is denied. (0x5)
[1102/173344.469:ERROR:process_reader_win.cc(151)] SuspendThread: Access is denied. (0x5)
[1102/173344.552:ERROR:process_reader_win.cc(151)] SuspendThread: Access is denied. (0x5)
[1102/173344.552:ERROR:process_reader_win.cc(151)] SuspendThread: Access is denied. (0x5)
[1102/173344.552:ERROR:process_reader_win.cc(151)] SuspendThread: Access is denied. (0x5)
[1102/173344.553:ERROR:process_reader_win.cc(151)] SuspendThread: Access is denied. (0x5)
[1102/173344.553:ERROR:process_reader_win.cc(151)] SuspendThread: Access is denied. (0x5)
[1102/173344.553:ERROR:process_reader_win.cc(151)] SuspendThread: Access is denied. (0x5)
[1102/173344.553:ERROR:process_reader_win.cc(151)] SuspendThread: Access is denied. (0x5)
[1102/173344.553:ERROR:process_reader_win.cc(151)] SuspendThread: Access is denied. (0x5)
[1102/173344.553:ERROR:process_reader_win.cc(151)] SuspendThread: Access is denied. (0x5)
[1102/173344.553:ERROR:process_reader_win.cc(151)] SuspendThread: Access is denied. (0x5)
[1102/173344.553:ERROR:process_reader_win.cc(151)] SuspendThread: Access is denied. (0x5)
[1102/173344.553:ERROR:process_reader_win.cc(151)] SuspendThread: Access is denied. (0x5)
[1102/173344.553:ERROR:process_reader_win.cc(151)] SuspendThread: Access is denied. (0x5)
[1102/173344.553:ERROR:process_reader_win.cc(151)] SuspendThread: Access is denied. (0x5)
[1102/173344.553:ERROR:process_reader_win.cc(123)] NtOpenThread: An invalid Client ID was specified.  (0xc000000b)
[1102/173344.554:ERROR:process_reader_win.cc(151)] SuspendThread: Access is denied. (0x5)
[1102/173344.554:ERROR:process_reader_win.cc(151)] SuspendThread: Access is denied. (0x5)
[1102/173344.555:ERROR:process_reader_win.cc(151)] SuspendThread: Access is denied. (0x5)
[1102/173344.555:ERROR:process_reader_win.cc(151)] SuspendThread: Access is denied. (0x5)
[1102/173344.555:ERROR:process_reader_win.cc(151)] SuspendThread: Access is denied. (0x5)
[1102/173344.555:ERROR:process_reader_win.cc(151)] SuspendThread: Access is denied. (0x5)
[1102/173344.555:ERROR:process_reader_win.cc(151)] SuspendThread: Access is denied. (0x5)
[1102/173344.555:ERROR:process_reader_win.cc(151)] SuspendThread: Access is denied. (0x5)
[1102/173344.555:ERROR:process_reader_win.cc(151)] SuspendThread: Access is denied. (0x5)
[1102/173344.555:ERROR:process_reader_win.cc(151)] SuspendThread: Access is denied. (0x5)
[1102/173344.555:ERROR:process_reader_win.cc(151)] SuspendThread: Access is denied. (0x5)
[1102/173344.555:ERROR:process_reader_win.cc(151)] SuspendThread: Access is denied. (0x5)
[1102/173344.555:ERROR:process_reader_win.cc(151)] SuspendThread: Access is denied. (0x5)
[1102/173344.555:ERROR:process_reader_win.cc(123)] NtOpenThread: {Access Denied} A process has requested access to an object, but has not been granted those access rights.  (0xc0000022)
[1102/173344.555:ERROR:exception_snapshot_win.cc(87)] thread ID 2532 not found in process
[1102/173344.555:WARNING:crash_report_exception_handler.cc(62)] ProcessSnapshotWin::Initialize failed
[1102/173344.641:ERROR:process_reader_win.cc(151)] SuspendThread: Access is denied. (0x5)
[1102/173344.643:ERROR:process_reader_win.cc(151)] SuspendThread: Access is denied. (0x5)
[1102/173344.643:ERROR:process_reader_win.cc(151)] SuspendThread: Access is denied. (0x5)
[1102/173344.643:ERROR:process_reader_win.cc(151)] SuspendThread: Access is denied. (0x5)
[1102/173344.643:ERROR:process_reader_win.cc(151)] SuspendThread: Access is denied. (0x5)
[1102/173344.643:ERROR:process_reader_win.cc(151)] SuspendThread: Access is denied. (0x5)
[1102/173344.643:ERROR:process_reader_win.cc(151)] SuspendThread: Access is denied. (0x5)
[1102/173344.643:ERROR:process_reader_win.cc(151)] SuspendThread: Access is denied. (0x5)
[1102/173344.643:ERROR:process_reader_win.cc(151)] SuspendThread: Access is denied. (0x5)
[1102/173344.643:ERROR:process_reader_win.cc(151)] SuspendThread: Access is denied. (0x5)
[1102/173344.643:ERROR:process_reader_win.cc(151)] SuspendThread: Access is denied. (0x5)
[1102/173344.644:ERROR:process_reader_win.cc(151)] SuspendThread: Access is denied. (0x5)
[1102/173344.644:ERROR:process_reader_win.cc(151)] SuspendThread: Access is denied. (0x5)
[1102/173344.644:ERROR:process_reader_win.cc(151)] SuspendThread: Access is denied. (0x5)
[1102/173344.644:ERROR:process_reader_win.cc(151)] SuspendThread: Access is denied. (0x5)
[1102/173344.644:ERROR:process_reader_win.cc(151)] SuspendThread: Access is denied. (0x5)
[1102/173344.644:ERROR:process_reader_win.cc(151)] SuspendThread: Access is denied. (0x5)
[1102/173344.644:ERROR:process_reader_win.cc(151)] SuspendThread: Access is denied. (0x5)
[1102/173344.644:ERROR:process_reader_win.cc(151)] SuspendThread: Access is denied. (0x5)
[1102/173344.644:ERROR:process_reader_win.cc(151)] SuspendThread: Access is denied. (0x5)
[1102/173344.644:ERROR:process_reader_win.cc(151)] SuspendThread: Access is denied. (0x5)
[1102/173344.644:ERROR:process_reader_win.cc(151)] SuspendThread: Access is denied. (0x5)
[1102/173344.644:ERROR:process_reader_win.cc(151)] SuspendThread: Access is denied. (0x5)
[1102/173344.644:ERROR:process_reader_win.cc(151)] SuspendThread: Access is denied. (0x5)
[1102/173344.644:ERROR:process_reader_win.cc(151)] SuspendThread: Access is denied. (0x5)
[1102/173344.644:ERROR:process_reader_win.cc(151)] SuspendThread: Access is denied. (0x5)
[1102/173344.644:ERROR:process_reader_win.cc(151)] SuspendThread: Access is denied. (0x5)
[1102/173344.644:ERROR:process_reader_win.cc(151)] SuspendThread: Access is denied. (0x5)
[1102/173344.644:ERROR:process_reader_win.cc(151)] SuspendThread: Access is denied. (0x5)
[1102/173344.644:ERROR:process_reader_win.cc(151)] SuspendThread: Access is denied. (0x5)
[1102/173344.644:ERROR:process_reader_win.cc(151)] SuspendThread: Access is denied. (0x5)
[1102/173344.644:ERROR:process_reader_win.cc(151)] SuspendThread: Access is denied. (0x5)
[1102/173344.644:ERROR:process_reader_win.cc(151)] SuspendThread: Access is denied. (0x5)
[1102/173344.644:ERROR:process_reader_win.cc(151)] SuspendThread: Access is denied. (0x5)
[1102/173344.644:ERROR:process_reader_win.cc(123)] NtOpenThread: {Access Denied} A process has requested access to an object, but has not been granted those access rights.  (0xc0000022)
[1102/173344.645:ERROR:exception_snapshot_win.cc(87)] thread ID 6988 not found in process
[1102/173344.645:WARNING:crash_report_exception_handler.cc(62)] ProcessSnapshotWin::Initialize failed
[1102/173344.677:ERROR:process_reader_win.cc(151)] SuspendThread: Access is denied. (0x5)
[1102/173344.678:ERROR:process_reader_win.cc(151)] SuspendThread: Access is denied. (0x5)
[1102/173344.678:ERROR:process_reader_win.cc(151)] SuspendThread: Access is denied. (0x5)
[1102/173344.678:ERROR:process_reader_win.cc(151)] SuspendThread: Access is denied. (0x5)
[1102/173344.679:ERROR:process_reader_win.cc(151)] SuspendThread: Access is denied. (0x5)
[1102/173344.679:ERROR:process_reader_win.cc(123)] NtOpenThread: {Access Denied} A process has requested access to an object, but has not been granted those access rights.  (0xc0000022)
[1102/173344.679:ERROR:exception_snapshot_win.cc(87)] thread ID 2056 not found in process
[1102/173344.679:WARNING:crash_report_exception_handler.cc(62)] ProcessSnapshotWin::Initialize failed
[1102/173344.836:ERROR:process_reader_win.cc(151)] SuspendThread: Access is denied. (0x5)
[1102/173344.838:ERROR:process_reader_win.cc(151)] SuspendThread: Access is denied. (0x5)
[1102/173344.838:ERROR:process_reader_win.cc(151)] SuspendThread: Access is denied. (0x5)
[1102/173344.838:ERROR:process_reader_win.cc(151)] SuspendThread: Access is denied. (0x5)
[1102/173344.845:ERROR:process_reader_win.cc(151)] SuspendThread: Access is denied. (0x5)
[1102/173344.845:ERROR:process_reader_win.cc(151)] SuspendThread: Access is denied. (0x5)
[1102/173344.845:ERROR:process_reader_win.cc(123)] NtOpenThread: {Access Denied} A process has requested access to an object, but has not been granted those access rights.  (0xc0000022)
[1102/173344.845:ERROR:exception_snapshot_win.cc(87)] thread ID 10068 not found in process
[1102/173344.845:WARNING:crash_report_exception_handler.cc(62)] ProcessSnapshotWin::Initialize failed
